<?xml version="1.0" encoding="UTF-8"?>
<!-- Generated by org.testng.reporters.JUnitReportReporter -->
<testsuite hostname="DESKTOP-5FAAA9M" failures="0" tests="1" name="reporter.MySecondClass" time="3.991" errors="0" timestamp="2025-07-30T05:54:07 IST" skipped="0">
  <testcase classname="reporter.MySecondClass" name="mytest1" time="3.991">
    <system-out>
      <![CDATA[test pass
<a href="C:\Users\srujana\eclipse-workspace\testpractice\myScrnShot12025_07_29_16_24_22.png">Visit W3Schools.com!</a>]]>
    </system-out>
  </testcase> <!-- mytest1 -->
  <system-out>
    <![CDATA[test pass
<a href="C:\Users\srujana\eclipse-workspace\testpractice\myScrnShot12025_07_29_16_24_22.png">Visit W3Schools.com!</a>]]>
  </system-out>
</testsuite> <!-- reporter.MySecondClass -->
