<?xml version="1.0" encoding="UTF-8"?>
<!-- Generated by org.testng.reporters.JUnitReportReporter -->
<testsuite hostname="DESKTOP-5FAAA9M" failures="0" tests="1" name="prlleltestng.cross" time="24.113" errors="0" timestamp="2025-07-28T10:28:12 IST" skipped="0">
  <testcase classname="prlleltestng.cross" name="test1" time="24.113"/>
</testsuite> <!-- prlleltestng.cross -->
