<?xml version="1.0" encoding="UTF-8"?>
<!-- Generated by org.testng.reporters.JUnitReportReporter -->
<testsuite hostname="DESKTOP-5FAAA9M" failures="0" tests="3" name="grpclasswithMethod.Classwithmetd" time="0.014" errors="0" timestamp="2025-07-24T14:24:17 IST" skipped="0">
  <testcase classname="grpclasswithMethod.Classwithmetd" name="testC" time="0.002"/>
  <testcase classname="grpclasswithMethod.Classwithmetd" name="testB" time="0.001"/>
  <testcase classname="grpclasswithMethod.Classwithmetd" name="testA" time="0.011"/>
</testsuite> <!-- grpclasswithMethod.Classwithmetd -->
