<?xml version="1.0" encoding="UTF-8"?>
<!-- Generated by org.testng.reporters.JUnitReportReporter -->
<testsuite hostname="DESKTOP-5FAAA9M" failures="0" tests="2" name="grp.GrapClasslevel2" time="0.011" errors="0" timestamp="2025-07-25T19:54:16 IST" skipped="0">
  <testcase classname="grp.GrapClasslevel2" name="testB" time="0.001"/>
  <testcase classname="grp.GrapClasslevel2" name="testA" time="0.010"/>
</testsuite> <!-- grp.GrapClasslevel2 -->
