<?xml version="1.0" encoding="UTF-8"?>
<!-- Generated by org.testng.reporters.JUnitReportReporter -->
<testsuite hostname="DESKTOP-5FAAA9M" failures="0" tests="1" name="pom1.FacebookLoginTest" time="0.292" errors="0" timestamp="2025-07-31T05:16:15 IST" skipped="0">
  <testcase classname="pom1.FacebookLoginTest" name="loginTest1" time="0.292"/>
</testsuite> <!-- pom1.FacebookLoginTest -->
