<?xml version="1.0" encoding="UTF-8"?>
<!-- Generated by org.testng.reporters.JUnitReportReporter -->
<testsuite hostname="DESKTOP-5FAAA9M" failures="0" tests="2" name="aannotionexm.TestClass2" time="0.005" errors="0" timestamp="2025-07-24T10:51:28 IST" skipped="0">
  <testcase classname="aannotionexm.TestClass2" name="test3" time="0.003"/>
  <testcase classname="aannotionexm.TestClass2" name="test2" time="0.002"/>
</testsuite> <!-- aannotionexm.TestClass2 -->
