<?xml version="1.0" encoding="UTF-8"?>
<!-- Generated by org.testng.reporters.JUnitReportReporter -->
<testsuite hostname="DESKTOP-5FAAA9M" failures="0" tests="2" name="grp.GrpatClasslevel" time="0.016" errors="0" timestamp="2025-07-24T12:40:27 IST" skipped="0">
  <testcase classname="grp.GrpatClasslevel" name="testA" time="0.015"/>
  <testcase classname="grp.GrpatClasslevel" name="testB" time="0.001"/>
</testsuite> <!-- grp.GrpatClasslevel -->
