<?xml version="1.0" encoding="UTF-8"?>
<!-- Generated by org.testng.reporters.JUnitReportReporter -->
<testsuite hostname="DESKTOP-5FAAA9M" failures="0" tests="6" name="teng.Class1" time="0.020" errors="0" timestamp="2025-07-24T10:34:52 IST" skipped="1">
  <testcase classname="teng.Class1" name="test1" time="0.002"/>
  <testcase classname="teng.Class1" name="test1" time="0.001"/>
  <testcase classname="teng.Class1" name="test1" time="0.002"/>
  <testcase classname="teng.Class1" name="test1" time="0.001"/>
  <testcase classname="teng.Class1" name="test1" time="0.014"/>
  <testcase classname="teng.Class1" name="test2">
    <skipped/>
  </testcase> <!-- test2 -->
</testsuite> <!-- teng.Class1 -->
