<?xml version="1.0" encoding="UTF-8"?>
<!-- Generated by org.testng.reporters.JUnitReportReporter -->
<testsuite hostname="DESKTOP-5FAAA9M" failures="0" tests="2" name="grpmethod.GroupMethodTest" time="0.003" errors="0" timestamp="2025-07-25T19:49:20 IST" skipped="0">
  <testcase classname="grpmethod.GroupMethodTest" name="test1" time="0.001"/>
  <testcase classname="grpmethod.GroupMethodTest" name="test3" time="0.002"/>
</testsuite> <!-- grpmethod.GroupMethodTest -->
