<?xml version="1.0" encoding="UTF-8"?>
<!-- Generated by org.testng.reporters.JUnitReportReporter -->
<testsuite hostname="DESKTOP-5FAAA9M" failures="0" tests="1" name="fileupld.FileUpload" time="14.263" errors="0" timestamp="2025-07-30T06:41:13 IST" skipped="0">
  <testcase classname="fileupld.FileUpload" name="fileUp" time="14.263"/>
</testsuite> <!-- fileupld.FileUpload -->
