<?xml version="1.0" encoding="UTF-8"?>
<!-- Generated by org.testng.reporters.JUnitReportReporter -->
<testsuite hostname="DESKTOP-5FAAA9M" failures="0" tests="4" name="reporter.Report1" time="0.015" errors="0" timestamp="2025-07-30T14:37:32 IST" skipped="0">
  <testcase classname="reporter.Report1" name="add4" time="0.001">
    <system-out>
      <![CDATA[test4]]>
    </system-out>
  </testcase> <!-- add4 -->
  <testcase classname="reporter.Report1" name="add" time="0.011">
    <system-out>
      <![CDATA[test1]]>
    </system-out>
  </testcase> <!-- add -->
  <testcase classname="reporter.Report1" name="add3" time="0.001">
    <system-out>
      <![CDATA[test3]]>
    </system-out>
  </testcase> <!-- add3 -->
  <testcase classname="reporter.Report1" name="add1" time="0.002">
    <system-out>
      <![CDATA[test2]]>
    </system-out>
  </testcase> <!-- add1 -->
  <system-out>
    <![CDATA[test1
test2
test3
test4]]>
  </system-out>
</testsuite> <!-- reporter.Report1 -->
