<?xml version="1.0" encoding="UTF-8"?>
<!-- Generated by org.testng.reporters.JUnitReportReporter -->
<testsuite hostname="DESKTOP-5FAAA9M" failures="0" tests="3" name="listners.Rev" time="0.005" errors="0" timestamp="2025-07-29T16:24:27 IST" skipped="0">
  <testcase classname="listners.Rev" name="test1" time="0.002"/>
  <testcase classname="listners.Rev" name="test1" time="0.001"/>
  <testcase classname="listners.Rev" name="test1" time="0.002"/>
</testsuite> <!-- listners.Rev -->
