<?xml version="1.0" encoding="UTF-8"?>
<!-- Generated by org.testng.reporters.JUnitReportReporter -->
<testsuite hostname="DESKTOP-5FAAA9M" failures="0" tests="2" name="teng.Grps" time="0.014" errors="0" timestamp="2025-07-24T10:40:33 IST" skipped="0">
  <testcase classname="teng.Grps" name="test3" time="0.003"/>
  <testcase classname="teng.Grps" name="test1" time="0.011"/>
</testsuite> <!-- teng.Grps -->
