<?xml version="1.0" encoding="UTF-8"?>
<!-- Generated by org.testng.reporters.JUnitReportReporter -->
<testsuite hostname="DESKTOP-5FAAA9M" failures="0" tests="3" name="grpmethod.GroupMethodTest" time="0.021" errors="0" timestamp="2025-08-07T05:47:00 IST" skipped="0">
  <testcase classname="grpmethod.GroupMethodTest" name="test1" time="0.008"/>
  <testcase classname="grpmethod.GroupMethodTest" name="test2" time="0.008"/>
  <testcase classname="grpmethod.GroupMethodTest" name="test3" time="0.005"/>
</testsuite> <!-- grpmethod.GroupMethodTest -->
