<?xml version="1.0" encoding="UTF-8"?>
<!-- Generated by org.testng.reporters.JUnitReportReporter -->
<testsuite hostname="DESKTOP-5FAAA9M" failures="0" tests="1" name="fileupld.Table2" time="5.760" errors="0" timestamp="2025-07-30T11:18:56 IST" skipped="0">
  <testcase classname="fileupld.Table2" name="test1" time="5.760"/>
</testsuite> <!-- fileupld.Table2 -->
