<?xml version="1.0" encoding="UTF-8"?>
<!-- Generated by org.testng.reporters.JUnitReportReporter -->
<testsuite hostname="DESKTOP-5FAAA9M" failures="0" tests="1" name="prlleltestng.Parlel1" time="13.376" errors="0" timestamp="2025-07-28T10:28:12 IST" skipped="0">
  <testcase classname="prlleltestng.Parlel1" name="test1" time="13.376"/>
</testsuite> <!-- prlleltestng.Parlel1 -->
