<?xml version="1.0" encoding="UTF-8"?>
<!-- Generated by org.testng.reporters.JUnitReportReporter -->
<testsuite hostname="DESKTOP-5FAAA9M" failures="0" tests="1" name="grpmethod.Grouomethod2" time="0.010" errors="0" timestamp="2025-07-25T19:49:20 IST" skipped="0">
  <testcase classname="grpmethod.Grouomethod2" name="checkoutWithSingleItem" time="0.010"/>
</testsuite> <!-- grpmethod.Grouomethod2 -->
