<?xml version="1.0" encoding="UTF-8"?>
<!-- Generated by org.testng.reporters.JUnitReportReporter -->
<testsuite hostname="DESKTOP-5FAAA9M" failures="0" tests="2" name="grpmethod.Grouomethod2" time="0.103" errors="0" timestamp="2025-08-07T05:47:00 IST" skipped="0">
  <testcase classname="grpmethod.Grouomethod2" name="checkoutWithSingleItem" time="0.097"/>
  <testcase classname="grpmethod.Grouomethod2" name="checkoutWithoutPaymentMethod" time="0.006"/>
</testsuite> <!-- grpmethod.Grouomethod2 -->
