<?xml version="1.0" encoding="UTF-8"?>
<!-- Generated by org.testng.reporters.JUnitReportReporter -->
<testsuite hostname="DESKTOP-5FAAA9M" failures="0" tests="1" name="dataprovider.DataFromXml" time="3.305" errors="0" timestamp="2025-07-28T06:11:58 IST" skipped="0">
  <testcase classname="dataprovider.DataFromXml" name="test1" time="3.305"/>
</testsuite> <!-- dataprovider.DataFromXml -->
