<?xml version="1.0" encoding="UTF-8"?>
<!-- Generated by org.testng.reporters.JUnitReportReporter -->
<testsuite hostname="DESKTOP-5FAAA9M" failures="0" tests="2" name="grp.GroupMethodTest" time="0.016" errors="0" timestamp="2025-07-24T12:33:59 IST" skipped="0">
  <testcase classname="grp.GroupMethodTest" name="test1" time="0.014"/>
  <testcase classname="grp.GroupMethodTest" name="test3" time="0.002"/>
</testsuite> <!-- grp.GroupMethodTest -->
