<?xml version="1.0" encoding="UTF-8"?>
<!-- Generated by org.testng.reporters.JUnitReportReporter -->
<testsuite hostname="DESKTOP-5FAAA9M" failures="0" tests="1" name="aannotionexm.TestClass1" time="0.008" errors="0" timestamp="2025-07-24T10:51:28 IST" skipped="0">
  <testcase classname="aannotionexm.TestClass1" name="test1" time="0.008"/>
</testsuite> <!-- aannotionexm.TestClass1 -->
