<?xml version="1.0" encoding="UTF-8"?>
<!-- Generated by org.testng.reporters.JUnitReportReporter -->
<testsuite hostname="DESKTOP-5FAAA9M" failures="0" tests="3" name="teng.Annotatin" time="0.015" errors="0" timestamp="2025-07-24T10:43:55 IST" skipped="0">
  <testcase classname="teng.Annotatin" name="test3" time="0.003"/>
  <testcase classname="teng.Annotatin" name="test2" time="0.003"/>
  <testcase classname="teng.Annotatin" name="test1" time="0.009"/>
</testsuite> <!-- teng.Annotatin -->
